{"numTotalTestSuites":15,"numPassedTestSuites":15,"numFailedTestSuites":0,"numPendingTestSuites":0,"numTotalTests":47,"numPassedTests":47,"numFailedTests":0,"numPendingTests":0,"numTodoTests":0,"startTime":1786504585642,"success":true,"testResults":[{"assertionResults":[{"ancestorTitles":["","构建产物 dist-web 浏览器运行验证"],"fullName":" 构建产物 dist-web 浏览器运行验证 页面加载：文档列表、CodeMirror、全局库、合并 CSS 全部就位","status":"passed","title":"页面加载：文档列表、CodeMirror、全局库、合并 CSS 全部就位","duration":570,"failureMessages":[]},{"ancestorTitles":["","构建产物 dist-web 浏览器运行验证"],"fullName":" 构建产物 dist-web 浏览器运行验证 关键产物资源可访问（合并 CSS / vendor-bundle / app.js / KaTeX 字体）","status":"passed","title":"关键产物资源可访问（合并 CSS / vendor-bundle / app.js / KaTeX 字体）","duration":13,"failureMessages":[]},{"ancestorTitles":["","构建产物 dist-web 浏览器运行验证"],"fullName":" 构建产物 dist-web 浏览器运行验证 编辑内容：CodeMirror 值更新","status":"passed","title":"编辑内容：CodeMirror 值更新","duration":5,"failureMessages":[]},{"ancestorTitles":["","构建产物 dist-web 浏览器运行验证"],"fullName":" 构建产物 dist-web 浏览器运行验证 Markdown 预览可开关","status":"passed","title":"Markdown 预览可开关","duration":11,"failureMessages":[]},{"ancestorTitles":["","构建产物 dist-web 浏览器运行验证"],"fullName":" 构建产物 dist-web 浏览器运行验证 查找替换浮层可打开/关闭","status":"passed","title":"查找替换浮层可打开/关闭","duration":28,"failureMessages":[]},{"ancestorTitles":["","构建产物 dist-web 浏览器运行验证"],"fullName":" 构建产物 dist-web 浏览器运行验证 file:// 直载（pywebview 打包场景）可用","status":"passed","title":"file:// 直载（pywebview 打包场景）可用","duration":598,"failureMessages":[]},{"ancestorTitles":["","构建产物 dist-web 浏览器运行验证"],"fullName":" 构建产物 dist-web 浏览器运行验证 全程无页面 JS 异常与 console 错误","status":"passed","title":"全程无页面 JS 异常与 console 错误","duration":1,"failureMessages":[]}],"startTime":1786504590405,"endTime":1786504591632,"status":"passed","message":"","name":"D:/Users/differ/AiProject/2026-08-06-18-37-25 - 副本/notion-editor/tests/e2e/dist-web.test.js"},{"assertionResults":[{"ancestorTitles":["","E2E 冒烟测试"],"fullName":" E2E 冒烟测试 页面加载：文档列表与 CodeMirror 就绪","status":"passed","title":"页面加载：文档列表与 CodeMirror 就绪","duration":9,"failureMessages":[]},{"ancestorTitles":["","E2E 冒烟测试"],"fullName":" E2E 冒烟测试 新建文档：列表 +1，语言为 markdown","status":"passed","title":"新建文档：列表 +1，语言为 markdown","duration":24,"failureMessages":[]},{"ancestorTitles":["","E2E 冒烟测试"],"fullName":" E2E 冒烟测试 编辑内容：CodeMirror 值更新","status":"passed","title":"编辑内容：CodeMirror 值更新","duration":5,"failureMessages":[]},{"ancestorTitles":["","E2E 冒烟测试"],"fullName":" E2E 冒烟测试 信息面板可开关","status":"passed","title":"信息面板可开关","duration":7,"failureMessages":[]},{"ancestorTitles":["","E2E 冒烟测试"],"fullName":" E2E 冒烟测试 Markdown 预览可开关","status":"passed","title":"Markdown 预览可开关","duration":4,"failureMessages":[]},{"ancestorTitles":["","E2E 冒烟测试"],"fullName":" E2E 冒烟测试 查找替换浮层可打开/查找/关闭（FR 状态收拢回归）","status":"passed","title":"查找替换浮层可打开/查找/关闭（FR 状态收拢回归）","duration":43,"failureMessages":[]},{"ancestorTitles":["","E2E 冒烟测试"],"fullName":" E2E 冒烟测试 删除文档：列表 -1","status":"passed","title":"删除文档：列表 -1","duration":38,"failureMessages":[]},{"ancestorTitles":["","E2E 冒烟测试"],"fullName":" E2E 冒烟测试 全程无页面 JS 异常与 console 错误","status":"passed","title":"全程无页面 JS 异常与 console 错误","duration":1,"failureMessages":[]}],"startTime":1786504588637,"endTime":1786504588769,"status":"passed","message":"","name":"D:/Users/differ/AiProject/2026-08-06-18-37-25 - 副本/notion-editor/tests/e2e/smoke.test.js"},{"assertionResults":[{"ancestorTitles":["","vendor 库迁移回归测试"],"fullName":" vendor 库迁移回归测试 index.html：六个全局库与 CodeMirror 关键 mode 就位","status":"passed","title":"index.html：六个全局库与 CodeMirror 关键 mode 就位","duration":984,"failureMessages":[]},{"ancestorTitles":["","vendor 库迁移回归测试"],"fullName":" vendor 库迁移回归测试 marked 渲染 Markdown（与 app 用法一致）","status":"passed","title":"marked 渲染 Markdown（与 app 用法一致）","duration":20,"failureMessages":[]},{"ancestorTitles":["","vendor 库迁移回归测试"],"fullName":" vendor 库迁移回归测试 katex 渲染数学公式","status":"passed","title":"katex 渲染数学公式","duration":6,"failureMessages":[]},{"ancestorTitles":["","vendor 库迁移回归测试"],"fullName":" vendor 库迁移回归测试 highlight.js 代码高亮","status":"passed","title":"highlight.js 代码高亮","duration":9,"failureMessages":[]},{"ancestorTitles":["","vendor 库迁移回归测试"],"fullName":" vendor 库迁移回归测试 mermaid 异步渲染流程图（awaitPromise）","status":"passed","title":"mermaid 异步渲染流程图（awaitPromise）","duration":87,"failureMessages":[]},{"ancestorTitles":["","vendor 库迁移回归测试"],"fullName":" vendor 库迁移回归测试 Diff.diffLines 行级比较（与 compare.html 用法一致）","status":"passed","title":"Diff.diffLines 行级比较（与 compare.html 用法一致）","duration":8,"failureMessages":[]},{"ancestorTitles":["","vendor 库迁移回归测试"],"fullName":" vendor 库迁移回归测试 compare.html：加载正常且 diff 可运行","status":"passed","title":"compare.html：加载正常且 diff 可运行","duration":274,"failureMessages":[]},{"ancestorTitles":["","vendor 库迁移回归测试"],"fullName":" vendor 库迁移回归测试 全程无页面 JS 异常与 console 错误","status":"passed","title":"全程无页面 JS 异常与 console 错误","duration":1,"failureMessages":[]}],"startTime":1786504587657,"endTime":1786504589046,"status":"passed","message":"","name":"D:/Users/differ/AiProject/2026-08-06-18-37-25 - 副本/notion-editor/tests/e2e/vendor.test.js"},{"assertionResults":[{"ancestorTitles":["","JSON 工具"],"fullName":" JSON 工具 jsonFormat 格式化（2 空格缩进）","status":"passed","title":"jsonFormat 格式化（2 空格缩进）","duration":4,"failureMessages":[]},{"ancestorTitles":["","JSON 工具"],"fullName":" JSON 工具 jsonCompress 压缩去空白","status":"passed","title":"jsonCompress 压缩去空白","duration":1,"failureMessages":[]},{"ancestorTitles":["","JSON 工具"],"fullName":" JSON 工具 jsonToGet 对象转 query","status":"passed","title":"jsonToGet 对象转 query","duration":0,"failureMessages":[]},{"ancestorTitles":["","JSON 工具"],"fullName":" JSON 工具 jsonToGet 非对象抛错","status":"passed","title":"jsonToGet 非对象抛错","duration":1,"failureMessages":[]},{"ancestorTitles":["","转义"],"fullName":" 转义 strEscape 转义引号与换行","status":"passed","title":"strEscape 转义引号与换行","duration":1,"failureMessages":[]},{"ancestorTitles":["","转义"],"fullName":" 转义 strUnescape 还原转义","status":"passed","title":"strUnescape 还原转义","duration":0,"failureMessages":[]},{"ancestorTitles":["","Unicode"],"fullName":" Unicode unicodeToZh 解码 \\uXXXX","status":"passed","title":"unicodeToZh 解码 \\uXXXX","duration":0,"failureMessages":[]},{"ancestorTitles":["","Unicode"],"fullName":" Unicode zhToUnicode 编码为 \\uXXXX","status":"passed","title":"zhToUnicode 编码为 \\uXXXX","duration":0,"failureMessages":[]},{"ancestorTitles":["","Base64 / URL"],"fullName":" Base64 / URL b64Encode UTF-8 编码","status":"passed","title":"b64Encode UTF-8 编码","duration":1,"failureMessages":[]},{"ancestorTitles":["","Base64 / URL"],"fullName":" Base64 / URL b64Decode 还原中文","status":"passed","title":"b64Decode 还原中文","duration":0,"failureMessages":[]},{"ancestorTitles":["","Base64 / URL"],"fullName":" Base64 / URL b64Decode 非法 UTF-8 抛错","status":"passed","title":"b64Decode 非法 UTF-8 抛错","duration":0,"failureMessages":[]},{"ancestorTitles":["","Base64 / URL"],"fullName":" Base64 / URL urlEncodeText / urlDecodeText 往返","status":"passed","title":"urlEncodeText / urlDecodeText 往返","duration":1,"failureMessages":[]},{"ancestorTitles":["","文本工具"],"fullName":" 文本工具 titleCase 单词首字母大写","status":"passed","title":"titleCase 单词首字母大写","duration":0,"failureMessages":[]},{"ancestorTitles":["","文本工具"],"fullName":" 文本工具 swapCase 反转大小写","status":"passed","title":"swapCase 反转大小写","duration":0,"failureMessages":[]},{"ancestorTitles":["","文本工具"],"fullName":" 文本工具 fullToHalf 全角转半角（仅 U+FF01~FF5E 全角 ASCII 区）","status":"passed","title":"fullToHalf 全角转半角（仅 U+FF01~FF5E 全角 ASCII 区）","duration":0,"failureMessages":[]},{"ancestorTitles":["","文本工具"],"fullName":" 文本工具 halfToFull 半角转全角","status":"passed","title":"halfToFull 半角转全角","duration":1,"failureMessages":[]},{"ancestorTitles":["","文本工具"],"fullName":" 文本工具 dedupeLines 去重保序","status":"passed","title":"dedupeLines 去重保序","duration":0,"failureMessages":[]},{"ancestorTitles":["","文本工具"],"fullName":" 文本工具 indentOf 计算缩进（tab 记 2）","status":"passed","title":"indentOf 计算缩进（tab 记 2）","duration":1,"failureMessages":[]},{"ancestorTitles":["","时间戳"],"fullName":" 时间戳 pad2 补零","status":"passed","title":"pad2 补零","duration":0,"failureMessages":[]},{"ancestorTitles":["","时间戳"],"fullName":" 时间戳 formatBeijing 始终按北京时间","status":"passed","title":"formatBeijing 始终按北京时间","duration":0,"failureMessages":[]},{"ancestorTitles":["","XML"],"fullName":" XML prettyXML 格式化缩进","status":"passed","title":"prettyXML 格式化缩进","duration":0,"failureMessages":[]},{"ancestorTitles":["","文件名清洗"],"fullName":" 文件名清洗 sanitizeFileName 替换非法字符","status":"passed","title":"sanitizeFileName 替换非法字符","duration":1,"failureMessages":[]},{"ancestorTitles":["","文件名清洗"],"fullName":" 文件名清洗 sanitizeFileName 去除尾部点与空格","status":"passed","title":"sanitizeFileName 去除尾部点与空格","duration":0,"failureMessages":[]},{"ancestorTitles":["","文件名清洗"],"fullName":" 文件名清洗 sanitizeFileName 空名兜底","status":"passed","title":"sanitizeFileName 空名兜底","duration":0,"failureMessages":[]}],"startTime":1786504586178,"endTime":1786504586190,"status":"passed","message":"","name":"D:/Users/differ/AiProject/2026-08-06-18-37-25 - 副本/notion-editor/tests/unit/pure-fns.test.js"}]}